(posterior-network) tx229@dev-gpu-tx229:~/federated/FL_v4$ sh run_FedCCVR.sh
================================================================================
Summary of training process:
Dataset                : Cifar10
Batch size             : 64
Learing rate           : 0.0001
Number of total clients: 100
Split method           : quantity
Split parameter        : 3.0
Clients per round      : 10
Number of global rounds: 1
Number of local rounds : 10
Feature from layer     : -1
Feature percentage     : 0.1
Local training loss    : CE
Loss of beta           : 1.0
Algorithm              : CCVR
Modelname              : MOBNET
Mode                   : training
Seed                   : 0
================================================================================
Files already downloaded and verified
Files already downloaded and verified
Class frequencies:
client,class0,class1,class2,class3,class4,class5,class6,class7,class8,class9,Amount
Client   0,0.298,0.00,0.00,0.00,0.00,0.375,0.00,0.00,0.327,0.00,496
Client   1,0.00,0.321,0.00,0.00,0.00,0.358,0.00,0.00,0.00,0.321,520
Client   2,0.307,0.346,0.346,0.00,0.00,0.00,0.00,0.00,0.00,0.00,482
Client   3,0.00,0.00,0.00,0.337,0.00,0.00,0.377,0.286,0.00,0.00,531
Client   4,0.00,0.00,0.340,0.00,0.320,0.00,0.00,0.00,0.00,0.340,491
Client   5,0.00,0.00,0.327,0.00,0.308,0.365,0.00,0.00,0.00,0.00,510
Client   6,0.00,0.00,0.319,0.00,0.300,0.00,0.382,0.00,0.00,0.00,524
Client   7,0.00,0.00,0.00,0.00,0.330,0.00,0.00,0.319,0.00,0.351,476
Client   8,0.00,0.347,0.00,0.00,0.00,0.00,0.00,0.316,0.337,0.00,481
Client   9,0.286,0.00,0.00,0.00,0.00,0.00,0.389,0.00,0.00,0.325,514
Client  10,0.315,0.00,0.00,0.00,0.00,0.00,0.00,0.326,0.00,0.358,466
Client  11,0.00,0.313,0.00,0.00,0.00,0.00,0.375,0.00,0.00,0.313,534
Client  12,0.306,0.347,0.347,0.00,0.00,0.00,0.00,0.00,0.00,0.00,481
Client  13,0.00,0.329,0.00,0.352,0.00,0.00,0.00,0.00,0.319,0.00,508
Client  14,0.00,0.00,0.00,0.359,0.315,0.00,0.00,0.00,0.325,0.00,498
Client  15,0.00,0.00,0.00,0.00,0.00,0.361,0.00,0.00,0.315,0.324,515
Client  16,0.00,0.00,0.00,0.337,0.00,0.00,0.377,0.286,0.00,0.00,531
Client  17,0.00,0.00,0.00,0.00,0.00,0.346,0.372,0.283,0.00,0.00,538
Client  18,0.00,0.337,0.00,0.00,0.00,0.00,0.00,0.00,0.327,0.337,496
Client  19,0.00,0.00,0.00,0.356,0.312,0.00,0.00,0.00,0.00,0.332,503
Client  20,0.309,0.351,0.00,0.00,0.00,0.00,0.00,0.00,0.340,0.00,476
Client  21,0.312,0.355,0.00,0.00,0.333,0.00,0.00,0.00,0.00,0.00,471
Client  22,0.00,0.00,0.326,0.349,0.00,0.00,0.00,0.00,0.00,0.326,513
Client  23,0.298,0.00,0.339,0.363,0.00,0.00,0.00,0.00,0.00,0.00,493
Client  24,0.00,0.00,0.340,0.00,0.320,0.00,0.00,0.00,0.00,0.340,491
Client  25,0.00,0.00,0.00,0.00,0.00,0.367,0.00,0.302,0.00,0.331,504
Client  26,0.00,0.00,0.00,0.00,0.00,0.00,0.378,0.00,0.306,0.316,529
Client  27,0.00,0.00,0.00,0.368,0.320,0.00,0.00,0.312,0.00,0.00,487
Client  28,0.00,0.00,0.00,0.00,0.00,0.360,0.00,0.00,0.315,0.325,514
Client  29,0.00,0.00,0.00,0.328,0.00,0.00,0.366,0.00,0.00,0.306,546
Client  30,0.309,0.00,0.352,0.00,0.00,0.00,0.00,0.00,0.339,0.00,475
Client  31,0.00,0.344,0.00,0.00,0.00,0.00,0.00,0.313,0.00,0.344,486
Client  32,0.00,0.00,0.335,0.359,0.00,0.00,0.00,0.305,0.00,0.00,498
Client  33,0.302,0.00,0.00,0.368,0.00,0.00,0.00,0.00,0.331,0.00,487
Client  34,0.00,0.352,0.00,0.00,0.328,0.00,0.00,0.320,0.00,0.00,475
Client  35,0.00,0.315,0.00,0.337,0.00,0.348,0.00,0.00,0.00,0.00,531
Client  36,0.289,0.00,0.00,0.00,0.00,0.00,0.394,0.00,0.317,0.00,508
Client  37,0.00,0.00,0.00,0.00,0.307,0.00,0.394,0.299,0.00,0.00,508
Client  38,0.00,0.00,0.00,0.00,0.00,0.339,0.366,0.00,0.295,0.00,546
Client  39,0.00,0.00,0.322,0.00,0.00,0.356,0.00,0.00,0.00,0.322,519
Client  40,0.320,0.00,0.00,0.00,0.00,0.00,0.00,0.330,0.350,0.00,460
Client  41,0.00,0.352,0.00,0.00,0.328,0.00,0.00,0.320,0.00,0.00,475
Client  42,0.00,0.00,0.352,0.00,0.328,0.00,0.00,0.320,0.00,0.00,475
Client  43,0.298,0.00,0.00,0.363,0.00,0.00,0.00,0.00,0.00,0.339,493
Client  44,0.313,0.00,0.355,0.00,0.332,0.00,0.00,0.00,0.00,0.00,470
Client  45,0.00,0.331,0.00,0.00,0.00,0.367,0.00,0.302,0.00,0.00,504
Client  46,0.00,0.00,0.00,0.00,0.00,0.00,0.385,0.293,0.00,0.322,519
Client  47,0.00,0.00,0.00,0.00,0.333,0.00,0.00,0.323,0.344,0.00,468
Client  48,0.309,0.352,0.00,0.00,0.00,0.00,0.00,0.00,0.339,0.00,475
Client  49,0.00,0.00,0.337,0.00,0.00,0.00,0.00,0.00,0.325,0.337,495
Client  50,0.298,0.339,0.00,0.363,0.00,0.00,0.00,0.00,0.00,0.00,493
Client  51,0.00,0.344,0.344,0.00,0.00,0.00,0.00,0.311,0.00,0.00,485
Client  52,0.286,0.00,0.325,0.00,0.00,0.00,0.389,0.00,0.00,0.00,514
Client  53,0.00,0.00,0.326,0.350,0.00,0.00,0.00,0.00,0.00,0.324,512
Client  54,0.00,0.00,0.319,0.00,0.298,0.00,0.382,0.00,0.00,0.00,523
Client  55,0.304,0.00,0.00,0.00,0.00,0.383,0.00,0.313,0.00,0.00,483
Client  56,0.00,0.303,0.00,0.00,0.00,0.335,0.362,0.00,0.00,0.00,552
Client  57,0.00,0.00,0.00,0.00,0.308,0.00,0.394,0.298,0.00,0.00,507
Client  58,0.289,0.00,0.00,0.00,0.00,0.00,0.394,0.00,0.317,0.00,508
Client  59,0.00,0.322,0.00,0.00,0.00,0.357,0.00,0.00,0.00,0.320,518
Client  60,0.306,0.347,0.347,0.00,0.00,0.00,0.00,0.00,0.00,0.00,481
Client  61,0.00,0.327,0.00,0.00,0.308,0.365,0.00,0.00,0.00,0.00,507
Client  62,0.316,0.00,0.359,0.00,0.00,0.00,0.00,0.325,0.00,0.00,465
Client  63,0.00,0.00,0.00,0.354,0.00,0.00,0.00,0.00,0.318,0.328,506
Client  64,0.00,0.00,0.00,0.00,0.317,0.376,0.00,0.307,0.00,0.00,492
Client  65,0.295,0.00,0.00,0.00,0.00,0.371,0.00,0.00,0.00,0.333,498
Client  66,0.00,0.00,0.00,0.327,0.00,0.00,0.368,0.00,0.00,0.305,544
Client  67,0.00,0.351,0.00,0.00,0.330,0.00,0.00,0.319,0.00,0.00,473
Client  68,0.00,0.00,0.00,0.00,0.302,0.00,0.387,0.00,0.311,0.00,517
Client  69,0.00,0.00,0.337,0.00,0.00,0.00,0.00,0.00,0.327,0.337,493
Client  70,0.304,0.00,0.00,0.00,0.00,0.383,0.00,0.313,0.00,0.00,483
Client  71,0.00,0.327,0.00,0.00,0.308,0.365,0.00,0.00,0.00,0.00,507
Client  72,0.00,0.00,0.324,0.00,0.00,0.361,0.00,0.00,0.314,0.00,512
Client  73,0.00,0.00,0.00,0.340,0.00,0.353,0.00,0.00,0.307,0.00,524
Client  74,0.00,0.344,0.00,0.00,0.323,0.00,0.00,0.00,0.333,0.00,483
Client  75,0.304,0.00,0.00,0.00,0.00,0.383,0.00,0.313,0.00,0.00,483
Client  76,0.00,0.00,0.00,0.333,0.292,0.00,0.375,0.00,0.00,0.00,534
Client  77,0.317,0.00,0.358,0.00,0.00,0.00,0.00,0.325,0.00,0.00,464
Client  78,0.00,0.00,0.00,0.340,0.00,0.353,0.00,0.00,0.307,0.00,524
Client  79,0.00,0.333,0.333,0.00,0.00,0.00,0.00,0.00,0.00,0.333,498
Client  80,0.306,0.00,0.00,0.370,0.324,0.00,0.00,0.00,0.00,0.00,481
Client  81,0.287,0.324,0.00,0.00,0.00,0.00,0.390,0.00,0.00,0.00,513
Client  82,0.317,0.00,0.358,0.00,0.00,0.00,0.00,0.325,0.00,0.00,464
Client  83,0.00,0.00,0.329,0.352,0.00,0.00,0.00,0.00,0.319,0.00,505
Client  84,0.306,0.00,0.00,0.370,0.324,0.00,0.00,0.00,0.00,0.00,481
Client  85,0.00,0.00,0.00,0.00,0.311,0.369,0.00,0.00,0.321,0.00,502
Client  86,0.00,0.00,0.312,0.00,0.00,0.00,0.376,0.00,0.00,0.312,532
Client  87,0.309,0.00,0.00,0.374,0.00,0.00,0.00,0.317,0.00,0.00,476
Client  88,0.00,0.344,0.00,0.00,0.323,0.00,0.00,0.00,0.333,0.00,483
Client  89,0.00,0.00,0.00,0.327,0.00,0.00,0.368,0.00,0.00,0.305,544
Client  90,0.309,0.00,0.00,0.374,0.00,0.00,0.00,0.317,0.00,0.00,476
Client  91,0.00,0.314,0.00,0.336,0.00,0.350,0.00,0.00,0.00,0.00,529
Client  92,0.313,0.00,0.354,0.00,0.333,0.00,0.00,0.00,0.00,0.00,469
Client  93,0.00,0.00,0.00,0.340,0.00,0.353,0.00,0.00,0.307,0.00,524
Client  94,0.00,0.00,0.00,0.00,0.308,0.00,0.394,0.298,0.00,0.00,507
Client  95,0.00,0.331,0.00,0.00,0.00,0.369,0.00,0.301,0.00,0.00,502
Client  96,0.287,0.00,0.324,0.00,0.00,0.00,0.390,0.00,0.00,0.00,513
Client  97,0.00,0.00,0.347,0.00,0.00,0.00,0.00,0.316,0.337,0.00,478
Client  98,0.00,0.344,0.00,0.00,0.323,0.00,0.00,0.00,0.333,0.00,483
Client  99,0.313,0.00,0.00,0.00,0.333,0.00,0.00,0.00,0.00,0.354,469
0 [0 5 8] [0 5 8] [1 2 3 4 6 7 9]
0 training: Counter({5: 186, 8: 162, 0: 148}) testing iid: Counter({8: 1000, 0: 1000, 5: 1000})
1 [1 5 9] [1 5 9] [0 2 3 4 6 7 8]
1 training: Counter({5: 186, 1: 167, 9: 167}) testing iid: Counter({1: 1000, 9: 1000, 5: 1000})
2 [0 1 2] [0 1 2] [3 4 5 6 7 8 9]
2 training: Counter({1: 167, 2: 167, 0: 148}) testing iid: Counter({0: 1000, 1: 1000, 2: 1000})
3 [3 6 7] [3 6 7] [0 1 2 4 5 8 9]
3 training: Counter({6: 200, 3: 179, 7: 152}) testing iid: Counter({3: 1000, 6: 1000, 7: 1000})
4 [2 4 9] [2 4 9] [0 1 3 5 6 7 8]
4 training: Counter({2: 167, 9: 167, 4: 157}) testing iid: Counter({9: 1000, 4: 1000, 2: 1000})
5 [2 4 5] [2 4 5] [0 1 3 6 7 8 9]
5 training: Counter({5: 186, 2: 167, 4: 157}) testing iid: Counter({5: 1000, 4: 1000, 2: 1000})
6 [2 4 6] [2 4 6] [0 1 3 5 7 8 9]
6 training: Counter({6: 200, 2: 167, 4: 157}) testing iid: Counter({6: 1000, 4: 1000, 2: 1000})
7 [4 7 9] [4 7 9] [0 1 2 3 5 6 8]
7 training: Counter({9: 167, 4: 157, 7: 152}) testing iid: Counter({9: 1000, 7: 1000, 4: 1000})
8 [1 7 8] [1 7 8] [0 2 3 4 5 6 9]
8 training: Counter({1: 167, 8: 162, 7: 152}) testing iid: Counter({8: 1000, 1: 1000, 7: 1000})
9 [0 6 9] [0 6 9] [1 2 3 4 5 7 8]
9 training: Counter({6: 200, 9: 167, 0: 147}) testing iid: Counter({0: 1000, 6: 1000, 9: 1000})
10 [0 7 9] [0 7 9] [1 2 3 4 5 6 8]
10 training: Counter({9: 167, 7: 152, 0: 147}) testing iid: Counter({0: 1000, 9: 1000, 7: 1000})
11 [1 6 9] [1 6 9] [0 2 3 4 5 7 8]
11 training: Counter({6: 200, 1: 167, 9: 167}) testing iid: Counter({6: 1000, 1: 1000, 9: 1000})
12 [0 1 2] [0 1 2] [3 4 5 6 7 8 9]
12 training: Counter({1: 167, 2: 167, 0: 147}) testing iid: Counter({0: 1000, 1: 1000, 2: 1000})
13 [1 3 8] [1 3 8] [0 2 4 5 6 7 9]
13 training: Counter({3: 179, 1: 167, 8: 162}) testing iid: Counter({3: 1000, 8: 1000, 1: 1000})
14 [3 4 8] [3 4 8] [0 1 2 5 6 7 9]
14 training: Counter({3: 179, 8: 162, 4: 157}) testing iid: Counter({3: 1000, 8: 1000, 4: 1000})
15 [5 8 9] [5 8 9] [0 1 2 3 4 6 7]
15 training: Counter({5: 186, 9: 167, 8: 162}) testing iid: Counter({8: 1000, 9: 1000, 5: 1000})
16 [3 6 7] [3 6 7] [0 1 2 4 5 8 9]
16 training: Counter({6: 200, 3: 179, 7: 152}) testing iid: Counter({3: 1000, 6: 1000, 7: 1000})
17 [5 6 7] [5 6 7] [0 1 2 3 4 8 9]
17 training: Counter({6: 200, 5: 186, 7: 152}) testing iid: Counter({6: 1000, 5: 1000, 7: 1000})
18 [1 8 9] [1 8 9] [0 2 3 4 5 6 7]
18 training: Counter({1: 167, 9: 167, 8: 162}) testing iid: Counter({8: 1000, 1: 1000, 9: 1000})
19 [3 4 9] [3 4 9] [0 1 2 5 6 7 8]
19 training: Counter({3: 179, 9: 167, 4: 157}) testing iid: Counter({3: 1000, 9: 1000, 4: 1000})
20 [0 1 8] [0 1 8] [2 3 4 5 6 7 9]
20 training: Counter({1: 167, 8: 162, 0: 147}) testing iid: Counter({8: 1000, 0: 1000, 1: 1000})
21 [0 1 4] [0 1 4] [2 3 5 6 7 8 9]
21 training: Counter({1: 167, 4: 157, 0: 147}) testing iid: Counter({0: 1000, 1: 1000, 4: 1000})
22 [2 3 9] [2 3 9] [0 1 4 5 6 7 8]
22 training: Counter({3: 179, 2: 167, 9: 167}) testing iid: Counter({3: 1000, 9: 1000, 2: 1000})
23 [0 2 3] [0 2 3] [1 4 5 6 7 8 9]
23 training: Counter({3: 179, 2: 167, 0: 147}) testing iid: Counter({3: 1000, 0: 1000, 2: 1000})
24 [2 4 9] [2 4 9] [0 1 3 5 6 7 8]
24 training: Counter({2: 167, 9: 167, 4: 157}) testing iid: Counter({9: 1000, 4: 1000, 2: 1000})
25 [5 7 9] [5 7 9] [0 1 2 3 4 6 8]
25 training: Counter({5: 185, 9: 167, 7: 152}) testing iid: Counter({9: 1000, 5: 1000, 7: 1000})
26 [6 8 9] [6 8 9] [0 1 2 3 4 5 7]
26 training: Counter({6: 200, 9: 167, 8: 162}) testing iid: Counter({8: 1000, 6: 1000, 9: 1000})
27 [3 4 7] [3 4 7] [0 1 2 5 6 8 9]
27 training: Counter({3: 179, 4: 156, 7: 152}) testing iid: Counter({3: 1000, 7: 1000, 4: 1000})
28 [5 8 9] [5 8 9] [0 1 2 3 4 6 7]
28 training: Counter({5: 185, 9: 167, 8: 162}) testing iid: Counter({8: 1000, 9: 1000, 5: 1000})
29 [3 6 9] [3 6 9] [0 1 2 4 5 7 8]
29 training: Counter({6: 200, 3: 179, 9: 167}) testing iid: Counter({3: 1000, 6: 1000, 9: 1000})
30 [0 2 8] [0 2 8] [1 3 4 5 6 7 9]
30 training: Counter({2: 167, 8: 161, 0: 147}) testing iid: Counter({8: 1000, 0: 1000, 2: 1000})
31 [1 7 9] [1 7 9] [0 2 3 4 5 6 8]
31 training: Counter({1: 167, 9: 167, 7: 152}) testing iid: Counter({1: 1000, 9: 1000, 7: 1000})
32 [2 3 7] [2 3 7] [0 1 4 5 6 8 9]
32 training: Counter({3: 179, 2: 167, 7: 152}) testing iid: Counter({3: 1000, 7: 1000, 2: 1000})
33 [0 3 8] [0 3 8] [1 2 4 5 6 7 9]
33 training: Counter({3: 179, 8: 161, 0: 147}) testing iid: Counter({3: 1000, 8: 1000, 0: 1000})
34 [1 4 7] [1 4 7] [0 2 3 5 6 8 9]
34 training: Counter({1: 167, 4: 156, 7: 152}) testing iid: Counter({1: 1000, 7: 1000, 4: 1000})
35 [1 3 5] [1 3 5] [0 2 4 6 7 8 9]
35 training: Counter({5: 185, 3: 179, 1: 167}) testing iid: Counter({3: 1000, 1: 1000, 5: 1000})
36 [0 6 8] [0 6 8] [1 2 3 4 5 7 9]
36 training: Counter({6: 200, 8: 161, 0: 147}) testing iid: Counter({8: 1000, 0: 1000, 6: 1000})
37 [4 6 7] [4 6 7] [0 1 2 3 5 8 9]
37 training: Counter({6: 200, 4: 156, 7: 152}) testing iid: Counter({6: 1000, 7: 1000, 4: 1000})
38 [5 6 8] [5 6 8] [0 1 2 3 4 7 9]
38 training: Counter({6: 200, 5: 185, 8: 161}) testing iid: Counter({8: 1000, 6: 1000, 5: 1000})
39 [2 5 9] [2 5 9] [0 1 3 4 6 7 8]
39 training: Counter({5: 185, 2: 167, 9: 167}) testing iid: Counter({9: 1000, 5: 1000, 2: 1000})
40 [0 7 8] [0 7 8] [1 2 3 4 5 6 9]
40 training: Counter({8: 161, 7: 152, 0: 147}) testing iid: Counter({8: 1000, 0: 1000, 7: 1000})
41 [1 4 7] [1 4 7] [0 2 3 5 6 8 9]
41 training: Counter({1: 167, 4: 156, 7: 152}) testing iid: Counter({1: 1000, 7: 1000, 4: 1000})
42 [2 4 7] [2 4 7] [0 1 3 5 6 8 9]
42 training: Counter({2: 167, 4: 156, 7: 152}) testing iid: Counter({7: 1000, 4: 1000, 2: 1000})
43 [0 3 9] [0 3 9] [1 2 4 5 6 7 8]
43 training: Counter({3: 179, 9: 167, 0: 147}) testing iid: Counter({3: 1000, 0: 1000, 9: 1000})
44 [0 2 4] [0 2 4] [1 3 5 6 7 8 9]
44 training: Counter({2: 167, 4: 156, 0: 147}) testing iid: Counter({0: 1000, 4: 1000, 2: 1000})
45 [1 5 7] [1 5 7] [0 2 3 4 6 8 9]
45 training: Counter({5: 185, 1: 167, 7: 152}) testing iid: Counter({1: 1000, 5: 1000, 7: 1000})
46 [6 7 9] [6 7 9] [0 1 2 3 4 5 8]
46 training: Counter({6: 200, 9: 167, 7: 152}) testing iid: Counter({6: 1000, 9: 1000, 7: 1000})
47 [4 7 8] [4 7 8] [0 1 2 3 5 6 9]
47 training: Counter({8: 161, 4: 156, 7: 151}) testing iid: Counter({8: 1000, 7: 1000, 4: 1000})
48 [0 1 8] [0 1 8] [2 3 4 5 6 7 9]
48 training: Counter({1: 167, 8: 161, 0: 147}) testing iid: Counter({8: 1000, 0: 1000, 1: 1000})
49 [2 8 9] [2 8 9] [0 1 3 4 5 6 7]
49 training: Counter({2: 167, 9: 167, 8: 161}) testing iid: Counter({8: 1000, 9: 1000, 2: 1000})
50 [0 1 3] [0 1 3] [2 4 5 6 7 8 9]
50 training: Counter({3: 179, 1: 167, 0: 147}) testing iid: Counter({3: 1000, 0: 1000, 1: 1000})
51 [1 2 7] [1 2 7] [0 3 4 5 6 8 9]
51 training: Counter({1: 167, 2: 167, 7: 151}) testing iid: Counter({1: 1000, 7: 1000, 2: 1000})
52 [0 2 6] [0 2 6] [1 3 4 5 7 8 9]
52 training: Counter({6: 200, 2: 167, 0: 147}) testing iid: Counter({0: 1000, 6: 1000, 2: 1000})
53 [2 3 9] [2 3 9] [0 1 4 5 6 7 8]
53 training: Counter({3: 179, 2: 167, 9: 166}) testing iid: Counter({3: 1000, 9: 1000, 2: 1000})
54 [2 4 6] [2 4 6] [0 1 3 5 7 8 9]
54 training: Counter({6: 200, 2: 167, 4: 156}) testing iid: Counter({6: 1000, 4: 1000, 2: 1000})
55 [0 5 7] [0 5 7] [1 2 3 4 6 8 9]
55 training: Counter({5: 185, 7: 151, 0: 147}) testing iid: Counter({0: 1000, 5: 1000, 7: 1000})
56 [1 5 6] [1 5 6] [0 2 3 4 7 8 9]
56 training: Counter({6: 200, 5: 185, 1: 167}) testing iid: Counter({6: 1000, 1: 1000, 5: 1000})
57 [4 6 7] [4 6 7] [0 1 2 3 5 8 9]
57 training: Counter({6: 200, 4: 156, 7: 151}) testing iid: Counter({6: 1000, 7: 1000, 4: 1000})
58 [0 6 8] [0 6 8] [1 2 3 4 5 7 9]
58 training: Counter({6: 200, 8: 161, 0: 147}) testing iid: Counter({8: 1000, 0: 1000, 6: 1000})
59 [1 5 9] [1 5 9] [0 2 3 4 6 7 8]
59 training: Counter({5: 185, 1: 167, 9: 166}) testing iid: Counter({1: 1000, 9: 1000, 5: 1000})
60 [0 1 2] [0 1 2] [3 4 5 6 7 8 9]
60 training: Counter({1: 167, 2: 167, 0: 147}) testing iid: Counter({0: 1000, 1: 1000, 2: 1000})
61 [1 4 5] [1 4 5] [0 2 3 6 7 8 9]
61 training: Counter({5: 185, 1: 166, 4: 156}) testing iid: Counter({1: 1000, 5: 1000, 4: 1000})
62 [0 2 7] [0 2 7] [1 3 4 5 6 8 9]
62 training: Counter({2: 167, 7: 151, 0: 147}) testing iid: Counter({0: 1000, 7: 1000, 2: 1000})
63 [3 8 9] [3 8 9] [0 1 2 4 5 6 7]
63 training: Counter({3: 179, 9: 166, 8: 161}) testing iid: Counter({3: 1000, 8: 1000, 9: 1000})
64 [4 5 7] [4 5 7] [0 1 2 3 6 8 9]
64 training: Counter({5: 185, 4: 156, 7: 151}) testing iid: Counter({5: 1000, 7: 1000, 4: 1000})
65 [0 5 9] [0 5 9] [1 2 3 4 6 7 8]
65 training: Counter({5: 185, 9: 166, 0: 147}) testing iid: Counter({0: 1000, 9: 1000, 5: 1000})
66 [3 6 9] [3 6 9] [0 1 2 4 5 7 8]
66 training: Counter({6: 200, 3: 178, 9: 166}) testing iid: Counter({3: 1000, 6: 1000, 9: 1000})
67 [1 4 7] [1 4 7] [0 2 3 5 6 8 9]
67 training: Counter({1: 166, 4: 156, 7: 151}) testing iid: Counter({1: 1000, 7: 1000, 4: 1000})
68 [4 6 8] [4 6 8] [0 1 2 3 5 7 9]
68 training: Counter({6: 200, 8: 161, 4: 156}) testing iid: Counter({8: 1000, 6: 1000, 4: 1000})
69 [2 8 9] [2 8 9] [0 1 3 4 5 6 7]
69 training: Counter({2: 166, 9: 166, 8: 161}) testing iid: Counter({8: 1000, 9: 1000, 2: 1000})
70 [0 5 7] [0 5 7] [1 2 3 4 6 8 9]
70 training: Counter({5: 185, 7: 151, 0: 147}) testing iid: Counter({0: 1000, 5: 1000, 7: 1000})
71 [1 4 5] [1 4 5] [0 2 3 6 7 8 9]
71 training: Counter({5: 185, 1: 166, 4: 156}) testing iid: Counter({1: 1000, 5: 1000, 4: 1000})
72 [2 5 8] [2 5 8] [0 1 3 4 6 7 9]
72 training: Counter({5: 185, 2: 166, 8: 161}) testing iid: Counter({8: 1000, 5: 1000, 2: 1000})
73 [3 5 8] [3 5 8] [0 1 2 4 6 7 9]
73 training: Counter({5: 185, 3: 178, 8: 161}) testing iid: Counter({3: 1000, 8: 1000, 5: 1000})
74 [1 4 8] [1 4 8] [0 2 3 5 6 7 9]
74 training: Counter({1: 166, 8: 161, 4: 156}) testing iid: Counter({8: 1000, 1: 1000, 4: 1000})
75 [0 5 7] [0 5 7] [1 2 3 4 6 8 9]
75 training: Counter({5: 185, 7: 151, 0: 147}) testing iid: Counter({0: 1000, 5: 1000, 7: 1000})
76 [3 4 6] [3 4 6] [0 1 2 5 7 8 9]
76 training: Counter({6: 200, 3: 178, 4: 156}) testing iid: Counter({3: 1000, 6: 1000, 4: 1000})
77 [0 2 7] [0 2 7] [1 3 4 5 6 8 9]
77 training: Counter({2: 166, 7: 151, 0: 147}) testing iid: Counter({0: 1000, 7: 1000, 2: 1000})
78 [3 5 8] [3 5 8] [0 1 2 4 6 7 9]
78 training: Counter({5: 185, 3: 178, 8: 161}) testing iid: Counter({3: 1000, 8: 1000, 5: 1000})
79 [1 2 9] [1 2 9] [0 3 4 5 6 7 8]
79 training: Counter({1: 166, 2: 166, 9: 166}) testing iid: Counter({1: 1000, 9: 1000, 2: 1000})
80 [0 3 4] [0 3 4] [1 2 5 6 7 8 9]
80 training: Counter({3: 178, 4: 156, 0: 147}) testing iid: Counter({3: 1000, 0: 1000, 4: 1000})
81 [0 1 6] [0 1 6] [2 3 4 5 7 8 9]
81 training: Counter({6: 200, 1: 166, 0: 147}) testing iid: Counter({0: 1000, 6: 1000, 1: 1000})
82 [0 2 7] [0 2 7] [1 3 4 5 6 8 9]
82 training: Counter({2: 166, 7: 151, 0: 147}) testing iid: Counter({0: 1000, 7: 1000, 2: 1000})
83 [2 3 8] [2 3 8] [0 1 4 5 6 7 9]
83 training: Counter({3: 178, 2: 166, 8: 161}) testing iid: Counter({3: 1000, 8: 1000, 2: 1000})
84 [0 3 4] [0 3 4] [1 2 5 6 7 8 9]
84 training: Counter({3: 178, 4: 156, 0: 147}) testing iid: Counter({3: 1000, 0: 1000, 4: 1000})
85 [4 5 8] [4 5 8] [0 1 2 3 6 7 9]
85 training: Counter({5: 185, 8: 161, 4: 156}) testing iid: Counter({8: 1000, 5: 1000, 4: 1000})
86 [2 6 9] [2 6 9] [0 1 3 4 5 7 8]
86 training: Counter({6: 200, 2: 166, 9: 166}) testing iid: Counter({6: 1000, 9: 1000, 2: 1000})
87 [0 3 7] [0 3 7] [1 2 4 5 6 8 9]
87 training: Counter({3: 178, 7: 151, 0: 147}) testing iid: Counter({3: 1000, 0: 1000, 7: 1000})
88 [1 4 8] [1 4 8] [0 2 3 5 6 7 9]
88 training: Counter({1: 166, 8: 161, 4: 156}) testing iid: Counter({8: 1000, 1: 1000, 4: 1000})
89 [3 6 9] [3 6 9] [0 1 2 4 5 7 8]
89 training: Counter({6: 200, 3: 178, 9: 166}) testing iid: Counter({3: 1000, 6: 1000, 9: 1000})
90 [0 3 7] [0 3 7] [1 2 4 5 6 8 9]
90 training: Counter({3: 178, 7: 151, 0: 147}) testing iid: Counter({3: 1000, 0: 1000, 7: 1000})
91 [1 3 5] [1 3 5] [0 2 4 6 7 8 9]
91 training: Counter({5: 185, 3: 178, 1: 166}) testing iid: Counter({3: 1000, 1: 1000, 5: 1000})
92 [0 2 4] [0 2 4] [1 3 5 6 7 8 9]
92 training: Counter({2: 166, 4: 156, 0: 147}) testing iid: Counter({0: 1000, 4: 1000, 2: 1000})
93 [3 5 8] [3 5 8] [0 1 2 4 6 7 9]
93 training: Counter({5: 185, 3: 178, 8: 161}) testing iid: Counter({3: 1000, 8: 1000, 5: 1000})
94 [4 6 7] [4 6 7] [0 1 2 3 5 8 9]
94 training: Counter({6: 200, 4: 156, 7: 151}) testing iid: Counter({6: 1000, 7: 1000, 4: 1000})
95 [1 5 7] [1 5 7] [0 2 3 4 6 8 9]
95 training: Counter({5: 185, 1: 166, 7: 151}) testing iid: Counter({1: 1000, 5: 1000, 7: 1000})
96 [0 2 6] [0 2 6] [1 3 4 5 7 8 9]
96 training: Counter({6: 200, 2: 166, 0: 147}) testing iid: Counter({0: 1000, 6: 1000, 2: 1000})
97 [2 7 8] [2 7 8] [0 1 3 4 5 6 9]
97 training: Counter({2: 166, 8: 161, 7: 151}) testing iid: Counter({8: 1000, 7: 1000, 2: 1000})
98 [1 4 8] [1 4 8] [0 2 3 5 6 7 9]
98 training: Counter({1: 166, 8: 161, 4: 156}) testing iid: Counter({8: 1000, 1: 1000, 4: 1000})
99 [0 4 9] [0 4 9] [1 2 3 5 6 7 8]
99 training: Counter({9: 166, 4: 156, 0: 147}) testing iid: Counter({0: 1000, 9: 1000, 4: 1000})
Num_samples of Training set per client: [496, 520, 482, 531, 491, 510, 524, 476, 481, 514, 466, 534, 481, 508, 498, 515, 531, 538, 496, 503, 476, 471, 513, 493, 491, 504, 529, 487, 514, 546, 475, 486, 498, 487, 475, 531, 508, 508, 546, 519, 460, 475, 475, 493, 470, 504, 519, 468, 475, 495, 493, 485, 514, 512, 523, 483, 552, 507, 508, 518, 481, 507, 465, 506, 492, 498, 544, 473, 517, 493, 483, 507, 512, 524, 483, 483, 534, 464, 524, 498, 481, 513, 464, 505, 481, 502, 532, 476, 483, 544, 476, 529, 469, 524, 507, 502, 513, 478, 483, 469]
Total_training_samples: 50000
Global test set: 10000
Finish Generating Samples, distribution saved
MobileNetV2(
  (conv1): Conv2d(3, 32, kernel_size=(3, 3), stride=(1, 1), padding=(1, 1), bias=False)
  (bn1): BatchNorm2d(32, eps=1e-05, momentum=0.1, affine=True, track_running_stats=True)
  (layers): Sequential(
    (0): Block(
      (conv1): Conv2d(32, 32, kernel_size=(1, 1), stride=(1, 1), bias=False)
      (bn1): BatchNorm2d(32, eps=1e-05, momentum=0.1, affine=True, track_running_stats=True)
      (conv2): Conv2d(32, 32, kernel_size=(3, 3), stride=(1, 1), padding=(1, 1), groups=32, bias=False)
      (bn2): BatchNorm2d(32, eps=1e-05, momentum=0.1, affine=True, track_running_stats=True)
      (conv3): Conv2d(32, 16, kernel_size=(1, 1), stride=(1, 1), bias=False)
      (bn3): BatchNorm2d(16, eps=1e-05, momentum=0.1, affine=True, track_running_stats=True)
      (shortcut): Sequential(
        (0): Conv2d(32, 16, kernel_size=(1, 1), stride=(1, 1), bias=False)
        (1): BatchNorm2d(16, eps=1e-05, momentum=0.1, affine=True, track_running_stats=True)
      )
    )
    (1): Block(
      (conv1): Conv2d(16, 96, kernel_size=(1, 1), stride=(1, 1), bias=False)
      (bn1): BatchNorm2d(96, eps=1e-05, momentum=0.1, affine=True, track_running_stats=True)
      (conv2): Conv2d(96, 96, kernel_size=(3, 3), stride=(1, 1), padding=(1, 1), groups=96, bias=False)
      (bn2): BatchNorm2d(96, eps=1e-05, momentum=0.1, affine=True, track_running_stats=True)
      (conv3): Conv2d(96, 24, kernel_size=(1, 1), stride=(1, 1), bias=False)
      (bn3): BatchNorm2d(24, eps=1e-05, momentum=0.1, affine=True, track_running_stats=True)
      (shortcut): Sequential(
        (0): Conv2d(16, 24, kernel_size=(1, 1), stride=(1, 1), bias=False)
        (1): BatchNorm2d(24, eps=1e-05, momentum=0.1, affine=True, track_running_stats=True)
      )
    )
    (2): Block(
      (conv1): Conv2d(24, 144, kernel_size=(1, 1), stride=(1, 1), bias=False)
      (bn1): BatchNorm2d(144, eps=1e-05, momentum=0.1, affine=True, track_running_stats=True)
      (conv2): Conv2d(144, 144, kernel_size=(3, 3), stride=(1, 1), padding=(1, 1), groups=144, bias=False)
      (bn2): BatchNorm2d(144, eps=1e-05, momentum=0.1, affine=True, track_running_stats=True)
      (conv3): Conv2d(144, 24, kernel_size=(1, 1), stride=(1, 1), bias=False)
      (bn3): BatchNorm2d(24, eps=1e-05, momentum=0.1, affine=True, track_running_stats=True)
      (shortcut): Sequential()
    )
    (3): Block(
      (conv1): Conv2d(24, 144, kernel_size=(1, 1), stride=(1, 1), bias=False)
      (bn1): BatchNorm2d(144, eps=1e-05, momentum=0.1, affine=True, track_running_stats=True)
      (conv2): Conv2d(144, 144, kernel_size=(3, 3), stride=(2, 2), padding=(1, 1), groups=144, bias=False)
      (bn2): BatchNorm2d(144, eps=1e-05, momentum=0.1, affine=True, track_running_stats=True)
      (conv3): Conv2d(144, 32, kernel_size=(1, 1), stride=(1, 1), bias=False)
      (bn3): BatchNorm2d(32, eps=1e-05, momentum=0.1, affine=True, track_running_stats=True)
      (shortcut): Sequential()
    )
    (4): Block(
      (conv1): Conv2d(32, 192, kernel_size=(1, 1), stride=(1, 1), bias=False)
      (bn1): BatchNorm2d(192, eps=1e-05, momentum=0.1, affine=True, track_running_stats=True)
      (conv2): Conv2d(192, 192, kernel_size=(3, 3), stride=(1, 1), padding=(1, 1), groups=192, bias=False)
      (bn2): BatchNorm2d(192, eps=1e-05, momentum=0.1, affine=True, track_running_stats=True)
      (conv3): Conv2d(192, 32, kernel_size=(1, 1), stride=(1, 1), bias=False)
      (bn3): BatchNorm2d(32, eps=1e-05, momentum=0.1, affine=True, track_running_stats=True)
      (shortcut): Sequential()
    )
    (5): Block(
      (conv1): Conv2d(32, 192, kernel_size=(1, 1), stride=(1, 1), bias=False)
      (bn1): BatchNorm2d(192, eps=1e-05, momentum=0.1, affine=True, track_running_stats=True)
      (conv2): Conv2d(192, 192, kernel_size=(3, 3), stride=(1, 1), padding=(1, 1), groups=192, bias=False)
      (bn2): BatchNorm2d(192, eps=1e-05, momentum=0.1, affine=True, track_running_stats=True)
      (conv3): Conv2d(192, 32, kernel_size=(1, 1), stride=(1, 1), bias=False)
      (bn3): BatchNorm2d(32, eps=1e-05, momentum=0.1, affine=True, track_running_stats=True)
      (shortcut): Sequential()
    )
    (6): Block(
      (conv1): Conv2d(32, 192, kernel_size=(1, 1), stride=(1, 1), bias=False)
      (bn1): BatchNorm2d(192, eps=1e-05, momentum=0.1, affine=True, track_running_stats=True)
      (conv2): Conv2d(192, 192, kernel_size=(3, 3), stride=(2, 2), padding=(1, 1), groups=192, bias=False)
      (bn2): BatchNorm2d(192, eps=1e-05, momentum=0.1, affine=True, track_running_stats=True)
      (conv3): Conv2d(192, 64, kernel_size=(1, 1), stride=(1, 1), bias=False)
      (bn3): BatchNorm2d(64, eps=1e-05, momentum=0.1, affine=True, track_running_stats=True)
      (shortcut): Sequential()
    )
    (7): Block(
      (conv1): Conv2d(64, 384, kernel_size=(1, 1), stride=(1, 1), bias=False)
      (bn1): BatchNorm2d(384, eps=1e-05, momentum=0.1, affine=True, track_running_stats=True)
      (conv2): Conv2d(384, 384, kernel_size=(3, 3), stride=(1, 1), padding=(1, 1), groups=384, bias=False)
      (bn2): BatchNorm2d(384, eps=1e-05, momentum=0.1, affine=True, track_running_stats=True)
      (conv3): Conv2d(384, 64, kernel_size=(1, 1), stride=(1, 1), bias=False)
      (bn3): BatchNorm2d(64, eps=1e-05, momentum=0.1, affine=True, track_running_stats=True)
      (shortcut): Sequential()
    )
    (8): Block(
      (conv1): Conv2d(64, 384, kernel_size=(1, 1), stride=(1, 1), bias=False)
      (bn1): BatchNorm2d(384, eps=1e-05, momentum=0.1, affine=True, track_running_stats=True)
      (conv2): Conv2d(384, 384, kernel_size=(3, 3), stride=(1, 1), padding=(1, 1), groups=384, bias=False)
      (bn2): BatchNorm2d(384, eps=1e-05, momentum=0.1, affine=True, track_running_stats=True)
      (conv3): Conv2d(384, 64, kernel_size=(1, 1), stride=(1, 1), bias=False)
      (bn3): BatchNorm2d(64, eps=1e-05, momentum=0.1, affine=True, track_running_stats=True)
      (shortcut): Sequential()
    )
    (9): Block(
      (conv1): Conv2d(64, 384, kernel_size=(1, 1), stride=(1, 1), bias=False)
      (bn1): BatchNorm2d(384, eps=1e-05, momentum=0.1, affine=True, track_running_stats=True)
      (conv2): Conv2d(384, 384, kernel_size=(3, 3), stride=(1, 1), padding=(1, 1), groups=384, bias=False)
      (bn2): BatchNorm2d(384, eps=1e-05, momentum=0.1, affine=True, track_running_stats=True)
      (conv3): Conv2d(384, 64, kernel_size=(1, 1), stride=(1, 1), bias=False)
      (bn3): BatchNorm2d(64, eps=1e-05, momentum=0.1, affine=True, track_running_stats=True)
      (shortcut): Sequential()
    )
    (10): Block(
      (conv1): Conv2d(64, 384, kernel_size=(1, 1), stride=(1, 1), bias=False)
      (bn1): BatchNorm2d(384, eps=1e-05, momentum=0.1, affine=True, track_running_stats=True)
      (conv2): Conv2d(384, 384, kernel_size=(3, 3), stride=(1, 1), padding=(1, 1), groups=384, bias=False)
      (bn2): BatchNorm2d(384, eps=1e-05, momentum=0.1, affine=True, track_running_stats=True)
      (conv3): Conv2d(384, 96, kernel_size=(1, 1), stride=(1, 1), bias=False)
      (bn3): BatchNorm2d(96, eps=1e-05, momentum=0.1, affine=True, track_running_stats=True)
      (shortcut): Sequential(
        (0): Conv2d(64, 96, kernel_size=(1, 1), stride=(1, 1), bias=False)
        (1): BatchNorm2d(96, eps=1e-05, momentum=0.1, affine=True, track_running_stats=True)
      )
    )
    (11): Block(
      (conv1): Conv2d(96, 576, kernel_size=(1, 1), stride=(1, 1), bias=False)
      (bn1): BatchNorm2d(576, eps=1e-05, momentum=0.1, affine=True, track_running_stats=True)
      (conv2): Conv2d(576, 576, kernel_size=(3, 3), stride=(1, 1), padding=(1, 1), groups=576, bias=False)
      (bn2): BatchNorm2d(576, eps=1e-05, momentum=0.1, affine=True, track_running_stats=True)
      (conv3): Conv2d(576, 96, kernel_size=(1, 1), stride=(1, 1), bias=False)
      (bn3): BatchNorm2d(96, eps=1e-05, momentum=0.1, affine=True, track_running_stats=True)
      (shortcut): Sequential()
    )
    (12): Block(
      (conv1): Conv2d(96, 576, kernel_size=(1, 1), stride=(1, 1), bias=False)
      (bn1): BatchNorm2d(576, eps=1e-05, momentum=0.1, affine=True, track_running_stats=True)
      (conv2): Conv2d(576, 576, kernel_size=(3, 3), stride=(1, 1), padding=(1, 1), groups=576, bias=False)
      (bn2): BatchNorm2d(576, eps=1e-05, momentum=0.1, affine=True, track_running_stats=True)
      (conv3): Conv2d(576, 96, kernel_size=(1, 1), stride=(1, 1), bias=False)
      (bn3): BatchNorm2d(96, eps=1e-05, momentum=0.1, affine=True, track_running_stats=True)
      (shortcut): Sequential()
    )
    (13): Block(
      (conv1): Conv2d(96, 576, kernel_size=(1, 1), stride=(1, 1), bias=False)
      (bn1): BatchNorm2d(576, eps=1e-05, momentum=0.1, affine=True, track_running_stats=True)
      (conv2): Conv2d(576, 576, kernel_size=(3, 3), stride=(2, 2), padding=(1, 1), groups=576, bias=False)
      (bn2): BatchNorm2d(576, eps=1e-05, momentum=0.1, affine=True, track_running_stats=True)
      (conv3): Conv2d(576, 160, kernel_size=(1, 1), stride=(1, 1), bias=False)
      (bn3): BatchNorm2d(160, eps=1e-05, momentum=0.1, affine=True, track_running_stats=True)
      (shortcut): Sequential()
    )
    (14): Block(
      (conv1): Conv2d(160, 960, kernel_size=(1, 1), stride=(1, 1), bias=False)
      (bn1): BatchNorm2d(960, eps=1e-05, momentum=0.1, affine=True, track_running_stats=True)
      (conv2): Conv2d(960, 960, kernel_size=(3, 3), stride=(1, 1), padding=(1, 1), groups=960, bias=False)
      (bn2): BatchNorm2d(960, eps=1e-05, momentum=0.1, affine=True, track_running_stats=True)
      (conv3): Conv2d(960, 160, kernel_size=(1, 1), stride=(1, 1), bias=False)
      (bn3): BatchNorm2d(160, eps=1e-05, momentum=0.1, affine=True, track_running_stats=True)
      (shortcut): Sequential()
    )
    (15): Block(
      (conv1): Conv2d(160, 960, kernel_size=(1, 1), stride=(1, 1), bias=False)
      (bn1): BatchNorm2d(960, eps=1e-05, momentum=0.1, affine=True, track_running_stats=True)
      (conv2): Conv2d(960, 960, kernel_size=(3, 3), stride=(1, 1), padding=(1, 1), groups=960, bias=False)
      (bn2): BatchNorm2d(960, eps=1e-05, momentum=0.1, affine=True, track_running_stats=True)
      (conv3): Conv2d(960, 160, kernel_size=(1, 1), stride=(1, 1), bias=False)
      (bn3): BatchNorm2d(160, eps=1e-05, momentum=0.1, affine=True, track_running_stats=True)
      (shortcut): Sequential()
    )
    (16): Block(
      (conv1): Conv2d(160, 960, kernel_size=(1, 1), stride=(1, 1), bias=False)
      (bn1): BatchNorm2d(960, eps=1e-05, momentum=0.1, affine=True, track_running_stats=True)
      (conv2): Conv2d(960, 960, kernel_size=(3, 3), stride=(1, 1), padding=(1, 1), groups=960, bias=False)
      (bn2): BatchNorm2d(960, eps=1e-05, momentum=0.1, affine=True, track_running_stats=True)
      (conv3): Conv2d(960, 320, kernel_size=(1, 1), stride=(1, 1), bias=False)
      (bn3): BatchNorm2d(320, eps=1e-05, momentum=0.1, affine=True, track_running_stats=True)
      (shortcut): Sequential(
        (0): Conv2d(160, 320, kernel_size=(1, 1), stride=(1, 1), bias=False)
        (1): BatchNorm2d(320, eps=1e-05, momentum=0.1, affine=True, track_running_stats=True)
      )
    )
  )
  (conv2): Conv2d(320, 1280, kernel_size=(1, 1), stride=(1, 1), bias=False)
  (bn2): BatchNorm2d(1280, eps=1e-05, momentum=0.1, affine=True, track_running_stats=True)
  (linear): Linear(in_features=1280, out_features=10, bias=True)
)
number of parameters: 2296922
clients initializting...
output size: 10
100%|██████████████████████████████████████████████████████████████████| 100/100 [01:17<00:00,  1.29it/s]
Number of users per round / total users: 10  /  100
Finished creating FL server.
=== Training starts: algorithm CCVR ===
Load model checkpoint from name succuessfully!
Global Model Acc on global data: 0.4463 length of data: 10000
CCVR users selcted: [0, 1, 2, 3, 4, 5, 6, 7, 8, 9, 10, 11, 12, 13, 14, 15, 16, 17, 18, 19, 20, 21, 22, 23, 24, 25, 26, 27, 28, 29, 30, 31, 32, 33, 34, 35, 36, 37, 38, 39, 40, 41, 42, 43, 44, 45, 46, 47, 48, 49, 50, 51, 52, 53, 54, 55, 56, 57, 58, 59, 60, 61, 62, 63, 64, 65, 66, 67, 68, 69, 70, 71, 72, 73, 74, 75, 76, 77, 78, 79, 80, 81, 82, 83, 84, 85, 86, 87, 88, 89, 90, 91, 92, 93, 94, 95, 96, 97, 98, 99]
random features: torch.Size([49, 3, 32, 32]) torch.Size([49])
random features: torch.Size([52, 3, 32, 32]) torch.Size([52])
random features: torch.Size([48, 3, 32, 32]) torch.Size([48])
random features: torch.Size([53, 3, 32, 32]) torch.Size([53])
random features: torch.Size([49, 3, 32, 32]) torch.Size([49])
random features: torch.Size([51, 3, 32, 32]) torch.Size([51])
random features: torch.Size([52, 3, 32, 32]) torch.Size([52])
random features: torch.Size([47, 3, 32, 32]) torch.Size([47])
random features: torch.Size([48, 3, 32, 32]) torch.Size([48])
random features: torch.Size([51, 3, 32, 32]) torch.Size([51])
random features: torch.Size([46, 3, 32, 32]) torch.Size([46])
random features: torch.Size([53, 3, 32, 32]) torch.Size([53])
random features: torch.Size([48, 3, 32, 32]) torch.Size([48])
random features: torch.Size([50, 3, 32, 32]) torch.Size([50])
random features: torch.Size([49, 3, 32, 32]) torch.Size([49])
random features: torch.Size([51, 3, 32, 32]) torch.Size([51])
random features: torch.Size([53, 3, 32, 32]) torch.Size([53])
random features: torch.Size([53, 3, 32, 32]) torch.Size([53])
random features: torch.Size([49, 3, 32, 32]) torch.Size([49])
random features: torch.Size([50, 3, 32, 32]) torch.Size([50])
random features: torch.Size([47, 3, 32, 32]) torch.Size([47])
random features: torch.Size([47, 3, 32, 32]) torch.Size([47])
random features: torch.Size([51, 3, 32, 32]) torch.Size([51])
random features: torch.Size([49, 3, 32, 32]) torch.Size([49])
random features: torch.Size([49, 3, 32, 32]) torch.Size([49])
random features: torch.Size([50, 3, 32, 32]) torch.Size([50])
random features: torch.Size([52, 3, 32, 32]) torch.Size([52])
random features: torch.Size([48, 3, 32, 32]) torch.Size([48])
random features: torch.Size([51, 3, 32, 32]) torch.Size([51])
random features: torch.Size([54, 3, 32, 32]) torch.Size([54])
random features: torch.Size([47, 3, 32, 32]) torch.Size([47])
random features: torch.Size([48, 3, 32, 32]) torch.Size([48])
random features: torch.Size([49, 3, 32, 32]) torch.Size([49])
random features: torch.Size([48, 3, 32, 32]) torch.Size([48])
random features: torch.Size([47, 3, 32, 32]) torch.Size([47])
random features: torch.Size([53, 3, 32, 32]) torch.Size([53])
random features: torch.Size([50, 3, 32, 32]) torch.Size([50])
random features: torch.Size([50, 3, 32, 32]) torch.Size([50])
random features: torch.Size([54, 3, 32, 32]) torch.Size([54])
random features: torch.Size([51, 3, 32, 32]) torch.Size([51])
random features: torch.Size([46, 3, 32, 32]) torch.Size([46])
random features: torch.Size([47, 3, 32, 32]) torch.Size([47])
random features: torch.Size([47, 3, 32, 32]) torch.Size([47])
random features: torch.Size([49, 3, 32, 32]) torch.Size([49])
random features: torch.Size([47, 3, 32, 32]) torch.Size([47])
random features: torch.Size([50, 3, 32, 32]) torch.Size([50])
random features: torch.Size([51, 3, 32, 32]) torch.Size([51])
random features: torch.Size([46, 3, 32, 32]) torch.Size([46])
random features: torch.Size([47, 3, 32, 32]) torch.Size([47])
random features: torch.Size([49, 3, 32, 32]) torch.Size([49])
random features: torch.Size([49, 3, 32, 32]) torch.Size([49])
random features: torch.Size([48, 3, 32, 32]) torch.Size([48])
random features: torch.Size([51, 3, 32, 32]) torch.Size([51])
random features: torch.Size([57, 3, 32, 32]) torch.Size([57])
random features: torch.Size([52, 3, 32, 32]) torch.Size([52])
random features: torch.Size([48, 3, 32, 32]) torch.Size([48])
random features: torch.Size([55, 3, 32, 32]) torch.Size([55])
random features: torch.Size([50, 3, 32, 32]) torch.Size([50])
random features: torch.Size([50, 3, 32, 32]) torch.Size([50])
random features: torch.Size([51, 3, 32, 32]) torch.Size([51])
random features: torch.Size([48, 3, 32, 32]) torch.Size([48])
random features: torch.Size([50, 3, 32, 32]) torch.Size([50])
random features: torch.Size([46, 3, 32, 32]) torch.Size([46])
random features: torch.Size([50, 3, 32, 32]) torch.Size([50])
random features: torch.Size([49, 3, 32, 32]) torch.Size([49])
random features: torch.Size([49, 3, 32, 32]) torch.Size([49])
random features: torch.Size([54, 3, 32, 32]) torch.Size([54])
random features: torch.Size([47, 3, 32, 32]) torch.Size([47])
random features: torch.Size([51, 3, 32, 32]) torch.Size([51])
random features: torch.Size([49, 3, 32, 32]) torch.Size([49])
random features: torch.Size([48, 3, 32, 32]) torch.Size([48])
random features: torch.Size([50, 3, 32, 32]) torch.Size([50])
random features: torch.Size([57, 3, 32, 32]) torch.Size([57])
random features: torch.Size([52, 3, 32, 32]) torch.Size([52])
random features: torch.Size([48, 3, 32, 32]) torch.Size([48])
random features: torch.Size([48, 3, 32, 32]) torch.Size([48])
random features: torch.Size([53, 3, 32, 32]) torch.Size([53])
random features: torch.Size([46, 3, 32, 32]) torch.Size([46])
random features: torch.Size([52, 3, 32, 32]) torch.Size([52])
random features: torch.Size([49, 3, 32, 32]) torch.Size([49])
random features: torch.Size([48, 3, 32, 32]) torch.Size([48])
random features: torch.Size([51, 3, 32, 32]) torch.Size([51])
random features: torch.Size([46, 3, 32, 32]) torch.Size([46])
random features: torch.Size([50, 3, 32, 32]) torch.Size([50])
random features: torch.Size([48, 3, 32, 32]) torch.Size([48])
random features: torch.Size([50, 3, 32, 32]) torch.Size([50])
random features: torch.Size([53, 3, 32, 32]) torch.Size([53])
random features: torch.Size([47, 3, 32, 32]) torch.Size([47])
random features: torch.Size([48, 3, 32, 32]) torch.Size([48])
random features: torch.Size([54, 3, 32, 32]) torch.Size([54])
random features: torch.Size([47, 3, 32, 32]) torch.Size([47])
random features: torch.Size([52, 3, 32, 32]) torch.Size([52])
random features: torch.Size([46, 3, 32, 32]) torch.Size([46])
random features: torch.Size([52, 3, 32, 32]) torch.Size([52])
random features: torch.Size([50, 3, 32, 32]) torch.Size([50])
random features: torch.Size([50, 3, 32, 32]) torch.Size([50])
random features: torch.Size([51, 3, 32, 32]) torch.Size([51])
random features: torch.Size([47, 3, 32, 32]) torch.Size([47])
random features: torch.Size([48, 3, 32, 32]) torch.Size([48])
random features: torch.Size([46, 3, 32, 32]) torch.Size([46])
all data: 4967
post-hoc retraining learning rate: 0.0001
MOBNET
training loss: tensor(25.6586)
classification local acc: 0.522
classification global acc: 0.4792
training loss: tensor(22.4860)
classification local acc: 0.5113333333333333
classification global acc: 0.4821
training loss: tensor(21.4741)
classification local acc: 0.5066666666666667
classification global acc: 0.4826
training loss: tensor(20.5356)
classification local acc: 0.5216666666666666
classification global acc: 0.4845
training loss: tensor(19.6970)
classification local acc: 0.5183333333333333
classification global acc: 0.4849
training loss: tensor(18.9077)
classification local acc: 0.5186666666666667
classification global acc: 0.4861
training loss: tensor(18.1990)
classification local acc: 0.52
classification global acc: 0.4871
training loss: tensor(17.6400)
classification local acc: 0.5183333333333333
classification global acc: 0.487
training loss: tensor(17.0918)
classification local acc: 0.5226666666666666
classification global acc: 0.487
training loss: tensor(16.5860)
classification local acc: 0.5326666666666666
classification global acc: 0.4911
classification local acc: 0.5326666666666666
classification global acc: 0.4911
